<?xml version="1.0" encoding="UTF-8" ?>

<testsuite failures="0" time="199.237" errors="0" skipped="0" tests="2" name="BasicTest">
  <testcase classname="BasicTest" name="twitter4jTest" time="199.237">
      </testcase>
  <testcase classname="BasicTest" name="aVeryImportantThingToTest" time="0">
      </testcase>
</testsuite>